Determining if the function crc32c_value exists in the crc32c failed with the following output:
Change Dir: /home/administrator/PlogLevelDB/cmake-build-futureweihq/CMakeFiles/CMakeTmp

Run Build Command:"/usr/bin/make" "cmTC_dcb67/fast"
/usr/bin/make -f CMakeFiles/cmTC_dcb67.dir/build.make CMakeFiles/cmTC_dcb67.dir/build
make[1]: Entering directory '/home/administrator/PlogLevelDB/cmake-build-futureweihq/CMakeFiles/CMakeTmp'
Building C object CMakeFiles/cmTC_dcb67.dir/CheckFunctionExists.c.o
/usr/bin/gcc   -DCHECK_FUNCTION_EXISTS=crc32c_value   -std=c11 -o CMakeFiles/cmTC_dcb67.dir/CheckFunctionExists.c.o   -c /usr/share/cmake-3.10/Modules/CheckFunctionExists.c
Linking C executable cmTC_dcb67
/usr/bin/cmake -E cmake_link_script CMakeFiles/cmTC_dcb67.dir/link.txt --verbose=1
/usr/bin/gcc  -DCHECK_FUNCTION_EXISTS=crc32c_value    CMakeFiles/cmTC_dcb67.dir/CheckFunctionExists.c.o  -o cmTC_dcb67 -lcrc32c 
/usr/bin/ld: cannot find -lcrc32c
collect2: error: ld returned 1 exit status
CMakeFiles/cmTC_dcb67.dir/build.make:97: recipe for target 'cmTC_dcb67' failed
make[1]: *** [cmTC_dcb67] Error 1
make[1]: Leaving directory '/home/administrator/PlogLevelDB/cmake-build-futureweihq/CMakeFiles/CMakeTmp'
Makefile:126: recipe for target 'cmTC_dcb67/fast' failed
make: *** [cmTC_dcb67/fast] Error 2


Determining if the function snappy_compress exists in the snappy failed with the following output:
Change Dir: /home/administrator/PlogLevelDB/cmake-build-futureweihq/CMakeFiles/CMakeTmp

Run Build Command:"/usr/bin/make" "cmTC_1aea3/fast"
/usr/bin/make -f CMakeFiles/cmTC_1aea3.dir/build.make CMakeFiles/cmTC_1aea3.dir/build
make[1]: Entering directory '/home/administrator/PlogLevelDB/cmake-build-futureweihq/CMakeFiles/CMakeTmp'
Building C object CMakeFiles/cmTC_1aea3.dir/CheckFunctionExists.c.o
/usr/bin/gcc   -DCHECK_FUNCTION_EXISTS=snappy_compress   -std=c11 -o CMakeFiles/cmTC_1aea3.dir/CheckFunctionExists.c.o   -c /usr/share/cmake-3.10/Modules/CheckFunctionExists.c
Linking C executable cmTC_1aea3
/usr/bin/cmake -E cmake_link_script CMakeFiles/cmTC_1aea3.dir/link.txt --verbose=1
/usr/bin/gcc  -DCHECK_FUNCTION_EXISTS=snappy_compress    CMakeFiles/cmTC_1aea3.dir/CheckFunctionExists.c.o  -o cmTC_1aea3 -lsnappy 
/usr/bin/ld: cannot find -lsnappy
collect2: error: ld returned 1 exit status
CMakeFiles/cmTC_1aea3.dir/build.make:97: recipe for target 'cmTC_1aea3' failed
make[1]: *** [cmTC_1aea3] Error 1
make[1]: Leaving directory '/home/administrator/PlogLevelDB/cmake-build-futureweihq/CMakeFiles/CMakeTmp'
Makefile:126: recipe for target 'cmTC_1aea3/fast' failed
make: *** [cmTC_1aea3/fast] Error 2


Determining if the function malloc exists in the tcmalloc failed with the following output:
Change Dir: /home/administrator/PlogLevelDB/cmake-build-futureweihq/CMakeFiles/CMakeTmp

Run Build Command:"/usr/bin/make" "cmTC_bf0f1/fast"
/usr/bin/make -f CMakeFiles/cmTC_bf0f1.dir/build.make CMakeFiles/cmTC_bf0f1.dir/build
make[1]: Entering directory '/home/administrator/PlogLevelDB/cmake-build-futureweihq/CMakeFiles/CMakeTmp'
Building C object CMakeFiles/cmTC_bf0f1.dir/CheckFunctionExists.c.o
/usr/bin/gcc   -DCHECK_FUNCTION_EXISTS=malloc   -std=c11 -o CMakeFiles/cmTC_bf0f1.dir/CheckFunctionExists.c.o   -c /usr/share/cmake-3.10/Modules/CheckFunctionExists.c
<command-line>:0:23: warning: conflicting types for built-in function ‘malloc’ [-Wbuiltin-declaration-mismatch]
/usr/share/cmake-3.10/Modules/CheckFunctionExists.c:7:3: note: in expansion of macro ‘CHECK_FUNCTION_EXISTS’
   CHECK_FUNCTION_EXISTS(void);
   ^~~~~~~~~~~~~~~~~~~~~
Linking C executable cmTC_bf0f1
/usr/bin/cmake -E cmake_link_script CMakeFiles/cmTC_bf0f1.dir/link.txt --verbose=1
/usr/bin/gcc  -DCHECK_FUNCTION_EXISTS=malloc    CMakeFiles/cmTC_bf0f1.dir/CheckFunctionExists.c.o  -o cmTC_bf0f1 -ltcmalloc 
/usr/bin/ld: cannot find -ltcmalloc
collect2: error: ld returned 1 exit status
CMakeFiles/cmTC_bf0f1.dir/build.make:97: recipe for target 'cmTC_bf0f1' failed
make[1]: *** [cmTC_bf0f1] Error 1
make[1]: Leaving directory '/home/administrator/PlogLevelDB/cmake-build-futureweihq/CMakeFiles/CMakeTmp'
Makefile:126: recipe for target 'cmTC_bf0f1/fast' failed
make: *** [cmTC_bf0f1/fast] Error 2


Determining if the F_FULLFSYNC exist failed with the following output:
Change Dir: /home/administrator/PlogLevelDB/cmake-build-futureweihq/CMakeFiles/CMakeTmp

Run Build Command:"/usr/bin/make" "cmTC_c6529/fast"
/usr/bin/make -f CMakeFiles/cmTC_c6529.dir/build.make CMakeFiles/cmTC_c6529.dir/build
make[1]: Entering directory '/home/administrator/PlogLevelDB/cmake-build-futureweihq/CMakeFiles/CMakeTmp'
Building CXX object CMakeFiles/cmTC_c6529.dir/CheckSymbolExists.cxx.o
/usr/bin/g++    -std=c++11 -o CMakeFiles/cmTC_c6529.dir/CheckSymbolExists.cxx.o -c /home/administrator/PlogLevelDB/cmake-build-futureweihq/CMakeFiles/CMakeTmp/CheckSymbolExists.cxx
/home/administrator/PlogLevelDB/cmake-build-futureweihq/CMakeFiles/CMakeTmp/CheckSymbolExists.cxx: In function ‘int main(int, char**)’:
/home/administrator/PlogLevelDB/cmake-build-futureweihq/CMakeFiles/CMakeTmp/CheckSymbolExists.cxx:8:19: error: ‘F_FULLFSYNC’ was not declared in this scope
   return ((int*)(&F_FULLFSYNC))[argc];
                   ^~~~~~~~~~~
/home/administrator/PlogLevelDB/cmake-build-futureweihq/CMakeFiles/CMakeTmp/CheckSymbolExists.cxx:8:19: note: suggested alternative: ‘O_FSYNC’
   return ((int*)(&F_FULLFSYNC))[argc];
                   ^~~~~~~~~~~
                   O_FSYNC
CMakeFiles/cmTC_c6529.dir/build.make:65: recipe for target 'CMakeFiles/cmTC_c6529.dir/CheckSymbolExists.cxx.o' failed
make[1]: *** [CMakeFiles/cmTC_c6529.dir/CheckSymbolExists.cxx.o] Error 1
make[1]: Leaving directory '/home/administrator/PlogLevelDB/cmake-build-futureweihq/CMakeFiles/CMakeTmp'
Makefile:126: recipe for target 'cmTC_c6529/fast' failed
make: *** [cmTC_c6529/fast] Error 2

File /home/administrator/PlogLevelDB/cmake-build-futureweihq/CMakeFiles/CMakeTmp/CheckSymbolExists.cxx:
/* */
#include <fcntl.h>

int main(int argc, char** argv)
{
  (void)argv;
#ifndef F_FULLFSYNC
  return ((int*)(&F_FULLFSYNC))[argc];
#else
  (void)argc;
  return 0;
#endif
}

Performing C++ SOURCE FILE Test HAVE_CLANG_THREAD_SAFETY failed with the following output:
Change Dir: /home/administrator/PlogLevelDB/cmake-build-futureweihq/CMakeFiles/CMakeTmp

Run Build Command:"/usr/bin/make" "cmTC_ca5b2/fast"
/usr/bin/make -f CMakeFiles/cmTC_ca5b2.dir/build.make CMakeFiles/cmTC_ca5b2.dir/build
make[1]: Entering directory '/home/administrator/PlogLevelDB/cmake-build-futureweihq/CMakeFiles/CMakeTmp'
Building CXX object CMakeFiles/cmTC_ca5b2.dir/src.cxx.o
/usr/bin/g++    -fno-exceptions -fno-rtti -DHAVE_CLANG_THREAD_SAFETY   -Wthread-safety -std=c++11 -o CMakeFiles/cmTC_ca5b2.dir/src.cxx.o -c /home/administrator/PlogLevelDB/cmake-build-futureweihq/CMakeFiles/CMakeTmp/src.cxx
g++: error: unrecognized command line option '-Wthread-safety'; did you mean '-fthread-jumps'?
CMakeFiles/cmTC_ca5b2.dir/build.make:65: recipe for target 'CMakeFiles/cmTC_ca5b2.dir/src.cxx.o' failed
make[1]: *** [CMakeFiles/cmTC_ca5b2.dir/src.cxx.o] Error 1
make[1]: Leaving directory '/home/administrator/PlogLevelDB/cmake-build-futureweihq/CMakeFiles/CMakeTmp'
Makefile:126: recipe for target 'cmTC_ca5b2/fast' failed
make: *** [cmTC_ca5b2/fast] Error 2

Source file was:
int main() { return 0; }
Determining if the pthread_create exist failed with the following output:
Change Dir: /home/administrator/PlogLevelDB/cmake-build-futureweihq/CMakeFiles/CMakeTmp

Run Build Command:"/usr/bin/make" "cmTC_e06a8/fast"
/usr/bin/make -f CMakeFiles/cmTC_e06a8.dir/build.make CMakeFiles/cmTC_e06a8.dir/build
make[1]: Entering directory '/home/administrator/PlogLevelDB/cmake-build-futureweihq/CMakeFiles/CMakeTmp'
Building C object CMakeFiles/cmTC_e06a8.dir/CheckSymbolExists.c.o
/usr/bin/gcc   -Wstrict-prototypes    -std=c11 -o CMakeFiles/cmTC_e06a8.dir/CheckSymbolExists.c.o   -c /home/administrator/PlogLevelDB/cmake-build-futureweihq/CMakeFiles/CMakeTmp/CheckSymbolExists.c
Linking C executable cmTC_e06a8
/usr/bin/cmake -E cmake_link_script CMakeFiles/cmTC_e06a8.dir/link.txt --verbose=1
/usr/bin/gcc  -Wstrict-prototypes     CMakeFiles/cmTC_e06a8.dir/CheckSymbolExists.c.o  -o cmTC_e06a8 
CMakeFiles/cmTC_e06a8.dir/CheckSymbolExists.c.o: In function `main':
CheckSymbolExists.c:(.text+0x1b): undefined reference to `pthread_create'
collect2: error: ld returned 1 exit status
CMakeFiles/cmTC_e06a8.dir/build.make:97: recipe for target 'cmTC_e06a8' failed
make[1]: *** [cmTC_e06a8] Error 1
make[1]: Leaving directory '/home/administrator/PlogLevelDB/cmake-build-futureweihq/CMakeFiles/CMakeTmp'
Makefile:126: recipe for target 'cmTC_e06a8/fast' failed
make: *** [cmTC_e06a8/fast] Error 2

File /home/administrator/PlogLevelDB/cmake-build-futureweihq/CMakeFiles/CMakeTmp/CheckSymbolExists.c:
/* */
#include <pthread.h>

int main(int argc, char** argv)
{
  (void)argv;
#ifndef pthread_create
  return ((int*)(&pthread_create))[argc];
#else
  (void)argc;
  return 0;
#endif
}

Determining if the function pthread_create exists in the pthreads failed with the following output:
Change Dir: /home/administrator/PlogLevelDB/cmake-build-futureweihq/CMakeFiles/CMakeTmp

Run Build Command:"/usr/bin/make" "cmTC_bb2b4/fast"
/usr/bin/make -f CMakeFiles/cmTC_bb2b4.dir/build.make CMakeFiles/cmTC_bb2b4.dir/build
make[1]: Entering directory '/home/administrator/PlogLevelDB/cmake-build-futureweihq/CMakeFiles/CMakeTmp'
Building C object CMakeFiles/cmTC_bb2b4.dir/CheckFunctionExists.c.o
/usr/bin/gcc   -Wstrict-prototypes -DCHECK_FUNCTION_EXISTS=pthread_create   -std=c11 -o CMakeFiles/cmTC_bb2b4.dir/CheckFunctionExists.c.o   -c /usr/share/cmake-3.10/Modules/CheckFunctionExists.c
Linking C executable cmTC_bb2b4
/usr/bin/cmake -E cmake_link_script CMakeFiles/cmTC_bb2b4.dir/link.txt --verbose=1
/usr/bin/gcc  -Wstrict-prototypes -DCHECK_FUNCTION_EXISTS=pthread_create    CMakeFiles/cmTC_bb2b4.dir/CheckFunctionExists.c.o  -o cmTC_bb2b4 -lpthreads 
/usr/bin/ld: cannot find -lpthreads
collect2: error: ld returned 1 exit status
CMakeFiles/cmTC_bb2b4.dir/build.make:97: recipe for target 'cmTC_bb2b4' failed
make[1]: *** [cmTC_bb2b4] Error 1
make[1]: Leaving directory '/home/administrator/PlogLevelDB/cmake-build-futureweihq/CMakeFiles/CMakeTmp'
Makefile:126: recipe for target 'cmTC_bb2b4/fast' failed
make: *** [cmTC_bb2b4/fast] Error 2


Performing C++ SOURCE FILE Test HAVE_CXX_FLAG_WSHORTEN_64_TO_32 failed with the following output:
Change Dir: /home/administrator/PlogLevelDB/cmake-build-futureweihq/CMakeFiles/CMakeTmp

Run Build Command:"/usr/bin/make" "cmTC_a0fe5/fast"
/usr/bin/make -f CMakeFiles/cmTC_a0fe5.dir/build.make CMakeFiles/cmTC_a0fe5.dir/build
make[1]: Entering directory '/home/administrator/PlogLevelDB/cmake-build-futureweihq/CMakeFiles/CMakeTmp'
Building CXX object CMakeFiles/cmTC_a0fe5.dir/src.cxx.o
/usr/bin/g++    -fno-exceptions -fno-rtti  -std=c++11  -Wall  -Wextra  -Wshadow  -Wsuggest-override -DHAVE_CXX_FLAG_WSHORTEN_64_TO_32  -Wshorten-64-to-32   -Wshorten-64-to-32 -o CMakeFiles/cmTC_a0fe5.dir/src.cxx.o -c /home/administrator/PlogLevelDB/cmake-build-futureweihq/CMakeFiles/CMakeTmp/src.cxx
g++: error: unrecognized command line option '-Wshorten-64-to-32'
g++: error: unrecognized command line option '-Wshorten-64-to-32'
CMakeFiles/cmTC_a0fe5.dir/build.make:65: recipe for target 'CMakeFiles/cmTC_a0fe5.dir/src.cxx.o' failed
make[1]: *** [CMakeFiles/cmTC_a0fe5.dir/src.cxx.o] Error 1
make[1]: Leaving directory '/home/administrator/PlogLevelDB/cmake-build-futureweihq/CMakeFiles/CMakeTmp'
Makefile:126: recipe for target 'cmTC_a0fe5/fast' failed
make: *** [cmTC_a0fe5/fast] Error 2

Source file was:
int main() { return 0; }
Performing C++ SOURCE FILE Test HAVE_CXX_FLAG_WD654 failed with the following output:
Change Dir: /home/administrator/PlogLevelDB/cmake-build-futureweihq/CMakeFiles/CMakeTmp

Run Build Command:"/usr/bin/make" "cmTC_1817d/fast"
/usr/bin/make -f CMakeFiles/cmTC_1817d.dir/build.make CMakeFiles/cmTC_1817d.dir/build
make[1]: Entering directory '/home/administrator/PlogLevelDB/cmake-build-futureweihq/CMakeFiles/CMakeTmp'
Building CXX object CMakeFiles/cmTC_1817d.dir/src.cxx.o
/usr/bin/g++    -fno-exceptions -fno-rtti  -std=c++11  -Wall  -Wextra  -Wshadow  -Wsuggest-override  -fstrict-aliasing  -Wno-deprecated-declarations  -fno-exceptions  -Wstrict-aliasing -DHAVE_CXX_FLAG_WD654  -wd654   -wd654 -o CMakeFiles/cmTC_1817d.dir/src.cxx.o -c /home/administrator/PlogLevelDB/cmake-build-futureweihq/CMakeFiles/CMakeTmp/src.cxx
g++: error: unrecognized command line option '-wd654'
g++: error: unrecognized command line option '-wd654'
CMakeFiles/cmTC_1817d.dir/build.make:65: recipe for target 'CMakeFiles/cmTC_1817d.dir/src.cxx.o' failed
make[1]: *** [CMakeFiles/cmTC_1817d.dir/src.cxx.o] Error 1
make[1]: Leaving directory '/home/administrator/PlogLevelDB/cmake-build-futureweihq/CMakeFiles/CMakeTmp'
Makefile:126: recipe for target 'cmTC_1817d/fast' failed
make: *** [cmTC_1817d/fast] Error 2

Source file was:
int main() { return 0; }
Performing C++ SOURCE FILE Test HAVE_CXX_FLAG_WTHREAD_SAFETY failed with the following output:
Change Dir: /home/administrator/PlogLevelDB/cmake-build-futureweihq/CMakeFiles/CMakeTmp

Run Build Command:"/usr/bin/make" "cmTC_233fd/fast"
/usr/bin/make -f CMakeFiles/cmTC_233fd.dir/build.make CMakeFiles/cmTC_233fd.dir/build
make[1]: Entering directory '/home/administrator/PlogLevelDB/cmake-build-futureweihq/CMakeFiles/CMakeTmp'
Building CXX object CMakeFiles/cmTC_233fd.dir/src.cxx.o
/usr/bin/g++    -fno-exceptions -fno-rtti  -std=c++11  -Wall  -Wextra  -Wshadow  -Wsuggest-override  -fstrict-aliasing  -Wno-deprecated-declarations  -fno-exceptions  -Wstrict-aliasing -DHAVE_CXX_FLAG_WTHREAD_SAFETY  -Wthread-safety   -Wthread-safety -o CMakeFiles/cmTC_233fd.dir/src.cxx.o -c /home/administrator/PlogLevelDB/cmake-build-futureweihq/CMakeFiles/CMakeTmp/src.cxx
g++: error: unrecognized command line option '-Wthread-safety'; did you mean '-fthread-jumps'?
g++: error: unrecognized command line option '-Wthread-safety'; did you mean '-fthread-jumps'?
CMakeFiles/cmTC_233fd.dir/build.make:65: recipe for target 'CMakeFiles/cmTC_233fd.dir/src.cxx.o' failed
make[1]: *** [CMakeFiles/cmTC_233fd.dir/src.cxx.o] Error 1
make[1]: Leaving directory '/home/administrator/PlogLevelDB/cmake-build-futureweihq/CMakeFiles/CMakeTmp'
Makefile:126: recipe for target 'cmTC_233fd/fast' failed
make: *** [cmTC_233fd/fast] Error 2

Source file was:
int main() { return 0; }
Determining if the function sqlite3_open exists in the sqlite3 failed with the following output:
Change Dir: /home/administrator/PlogLevelDB/cmake-build-futureweihq/CMakeFiles/CMakeTmp

Run Build Command:"/usr/bin/make" "cmTC_dbb47/fast"
/usr/bin/make -f CMakeFiles/cmTC_dbb47.dir/build.make CMakeFiles/cmTC_dbb47.dir/build
make[1]: Entering directory '/home/administrator/PlogLevelDB/cmake-build-futureweihq/CMakeFiles/CMakeTmp'
Building C object CMakeFiles/cmTC_dbb47.dir/CheckFunctionExists.c.o
/usr/bin/gcc   -Wstrict-prototypes -DCHECK_FUNCTION_EXISTS=sqlite3_open   -o CMakeFiles/cmTC_dbb47.dir/CheckFunctionExists.c.o   -c /usr/share/cmake-3.10/Modules/CheckFunctionExists.c
Linking C executable cmTC_dbb47
/usr/bin/cmake -E cmake_link_script CMakeFiles/cmTC_dbb47.dir/link.txt --verbose=1
/usr/bin/gcc  -Wstrict-prototypes -DCHECK_FUNCTION_EXISTS=sqlite3_open    CMakeFiles/cmTC_dbb47.dir/CheckFunctionExists.c.o  -o cmTC_dbb47 -lsqlite3 
/usr/bin/ld: cannot find -lsqlite3
collect2: error: ld returned 1 exit status
CMakeFiles/cmTC_dbb47.dir/build.make:97: recipe for target 'cmTC_dbb47' failed
make[1]: *** [cmTC_dbb47] Error 1
make[1]: Leaving directory '/home/administrator/PlogLevelDB/cmake-build-futureweihq/CMakeFiles/CMakeTmp'
Makefile:126: recipe for target 'cmTC_dbb47/fast' failed
make: *** [cmTC_dbb47/fast] Error 2


Performing C++ SOURCE FILE Test HAVE_KYOTOCABINET failed with the following output:
Change Dir: /home/administrator/PlogLevelDB/cmake-build-futureweihq/CMakeFiles/CMakeTmp

Run Build Command:"/usr/bin/make" "cmTC_0eb4a/fast"
/usr/bin/make -f CMakeFiles/cmTC_0eb4a.dir/build.make CMakeFiles/cmTC_0eb4a.dir/build
make[1]: Entering directory '/home/administrator/PlogLevelDB/cmake-build-futureweihq/CMakeFiles/CMakeTmp'
Building CXX object CMakeFiles/cmTC_0eb4a.dir/src.cxx.o
/usr/bin/g++    -fno-exceptions -fno-rtti -DHAVE_KYOTOCABINET   -o CMakeFiles/cmTC_0eb4a.dir/src.cxx.o -c /home/administrator/PlogLevelDB/cmake-build-futureweihq/CMakeFiles/CMakeTmp/src.cxx
/home/administrator/PlogLevelDB/cmake-build-futureweihq/CMakeFiles/CMakeTmp/src.cxx:2:10: fatal error: kcpolydb.h: No such file or directory
 #include <kcpolydb.h>
          ^~~~~~~~~~~~
compilation terminated.
CMakeFiles/cmTC_0eb4a.dir/build.make:65: recipe for target 'CMakeFiles/cmTC_0eb4a.dir/src.cxx.o' failed
make[1]: *** [CMakeFiles/cmTC_0eb4a.dir/src.cxx.o] Error 1
make[1]: Leaving directory '/home/administrator/PlogLevelDB/cmake-build-futureweihq/CMakeFiles/CMakeTmp'
Makefile:126: recipe for target 'cmTC_0eb4a/fast' failed
make: *** [cmTC_0eb4a/fast] Error 2

Source file was:

#include <kcpolydb.h>

int main() {
  kyotocabinet::TreeDB* db = new kyotocabinet::TreeDB();
  delete db;
  return 0;
}
  
